{
  "/home/luiz/my-projects/rocketseat-frontend-challenge/src/context/CartProvider.tsx": {
    "path": "/home/luiz/my-projects/rocketseat-frontend-challenge/src/context/CartProvider.tsx",
    "statementMap": {
      "0": {
        "start": {
          "line": 13,
          "column": 20
        },
        "end": {
          "line": 13,
          "column": 59
        }
      },
      "1": {
        "start": {
          "line": 15,
          "column": 28
        },
        "end": {
          "line": 122,
          "column": 1
        }
      },
      "2": {
        "start": {
          "line": 16,
          "column": 52
        },
        "end": {
          "line": 16,
          "column": 75
        }
      },
      "3": {
        "start": {
          "line": 18,
          "column": 2
        },
        "end": {
          "line": 24,
          "column": 9
        }
      },
      "4": {
        "start": {
          "line": 19,
          "column": 19
        },
        "end": {
          "line": 19,
          "column": 57
        }
      },
      "5": {
        "start": {
          "line": 21,
          "column": 4
        },
        "end": {
          "line": 23,
          "column": 5
        }
      },
      "6": {
        "start": {
          "line": 22,
          "column": 6
        },
        "end": {
          "line": 22,
          "column": 47
        }
      },
      "7": {
        "start": {
          "line": 26,
          "column": 24
        },
        "end": {
          "line": 32,
          "column": 3
        }
      },
      "8": {
        "start": {
          "line": 28,
          "column": 6
        },
        "end": {
          "line": 30,
          "column": 11
        }
      },
      "9": {
        "start": {
          "line": 29,
          "column": 8
        },
        "end": {
          "line": 29,
          "column": 36
        }
      },
      "10": {
        "start": {
          "line": 34,
          "column": 24
        },
        "end": {
          "line": 38,
          "column": 25
        }
      },
      "11": {
        "start": {
          "line": 35,
          "column": 4
        },
        "end": {
          "line": 37,
          "column": 10
        }
      },
      "12": {
        "start": {
          "line": 36,
          "column": 6
        },
        "end": {
          "line": 36,
          "column": 61
        }
      },
      "13": {
        "start": {
          "line": 41,
          "column": 32
        },
        "end": {
          "line": 43,
          "column": 5
        }
      },
      "14": {
        "start": {
          "line": 42,
          "column": 13
        },
        "end": {
          "line": 42,
          "column": 32
        }
      },
      "15": {
        "start": {
          "line": 45,
          "column": 4
        },
        "end": {
          "line": 73,
          "column": 5
        }
      },
      "16": {
        "start": {
          "line": 46,
          "column": 6
        },
        "end": {
          "line": 60,
          "column": 9
        }
      },
      "17": {
        "start": {
          "line": 47,
          "column": 32
        },
        "end": {
          "line": 56,
          "column": 10
        }
      },
      "18": {
        "start": {
          "line": 48,
          "column": 10
        },
        "end": {
          "line": 53,
          "column": 11
        }
      },
      "19": {
        "start": {
          "line": 49,
          "column": 12
        },
        "end": {
          "line": 52,
          "column": 14
        }
      },
      "20": {
        "start": {
          "line": 55,
          "column": 10
        },
        "end": {
          "line": 55,
          "column": 22
        }
      },
      "21": {
        "start": {
          "line": 58,
          "column": 8
        },
        "end": {
          "line": 58,
          "column": 80
        }
      },
      "22": {
        "start": {
          "line": 59,
          "column": 8
        },
        "end": {
          "line": 59,
          "column": 31
        }
      },
      "23": {
        "start": {
          "line": 62,
          "column": 6
        },
        "end": {
          "line": 72,
          "column": 9
        }
      },
      "24": {
        "start": {
          "line": 63,
          "column": 32
        },
        "end": {
          "line": 69,
          "column": 9
        }
      },
      "25": {
        "start": {
          "line": 70,
          "column": 8
        },
        "end": {
          "line": 70,
          "column": 80
        }
      },
      "26": {
        "start": {
          "line": 71,
          "column": 8
        },
        "end": {
          "line": 71,
          "column": 31
        }
      },
      "27": {
        "start": {
          "line": 77,
          "column": 4
        },
        "end": {
          "line": 90,
          "column": 7
        }
      },
      "28": {
        "start": {
          "line": 78,
          "column": 30
        },
        "end": {
          "line": 86,
          "column": 8
        }
      },
      "29": {
        "start": {
          "line": 79,
          "column": 8
        },
        "end": {
          "line": 84,
          "column": 9
        }
      },
      "30": {
        "start": {
          "line": 80,
          "column": 10
        },
        "end": {
          "line": 83,
          "column": 12
        }
      },
      "31": {
        "start": {
          "line": 85,
          "column": 8
        },
        "end": {
          "line": 85,
          "column": 17
        }
      },
      "32": {
        "start": {
          "line": 88,
          "column": 6
        },
        "end": {
          "line": 88,
          "column": 78
        }
      },
      "33": {
        "start": {
          "line": 89,
          "column": 6
        },
        "end": {
          "line": 89,
          "column": 29
        }
      },
      "34": {
        "start": {
          "line": 94,
          "column": 4
        },
        "end": {
          "line": 99,
          "column": 7
        }
      },
      "35": {
        "start": {
          "line": 95,
          "column": 30
        },
        "end": {
          "line": 95,
          "column": 72
        }
      },
      "36": {
        "start": {
          "line": 95,
          "column": 53
        },
        "end": {
          "line": 95,
          "column": 71
        }
      },
      "37": {
        "start": {
          "line": 97,
          "column": 6
        },
        "end": {
          "line": 97,
          "column": 78
        }
      },
      "38": {
        "start": {
          "line": 98,
          "column": 6
        },
        "end": {
          "line": 98,
          "column": 29
        }
      },
      "39": {
        "start": {
          "line": 103,
          "column": 4
        },
        "end": {
          "line": 103,
          "column": 29
        }
      },
      "40": {
        "start": {
          "line": 104,
          "column": 4
        },
        "end": {
          "line": 104,
          "column": 46
        }
      },
      "41": {
        "start": {
          "line": 107,
          "column": 2
        },
        "end": {
          "line": 121,
          "column": 4
        }
      },
      "42": {
        "start": {
          "line": 125,
          "column": 18
        },
        "end": {
          "line": 125,
          "column": 41
        }
      },
      "43": {
        "start": {
          "line": 127,
          "column": 2
        },
        "end": {
          "line": 129,
          "column": 3
        }
      },
      "44": {
        "start": {
          "line": 128,
          "column": 4
        },
        "end": {
          "line": 128,
          "column": 67
        }
      },
      "45": {
        "start": {
          "line": 131,
          "column": 2
        },
        "end": {
          "line": 131,
          "column": 17
        }
      }
    },
    "fnMap": {
      "0": {
        "name": "(anonymous_0)",
        "decl": {
          "start": {
            "line": 15,
            "column": 28
          },
          "end": {
            "line": 15,
            "column": 29
          }
        },
        "loc": {
          "start": {
            "line": 15,
            "column": 77
          },
          "end": {
            "line": 122,
            "column": 1
          }
        },
        "line": 15
      },
      "1": {
        "name": "(anonymous_1)",
        "decl": {
          "start": {
            "line": 18,
            "column": 18
          },
          "end": {
            "line": 18,
            "column": 19
          }
        },
        "loc": {
          "start": {
            "line": 18,
            "column": 24
          },
          "end": {
            "line": 24,
            "column": 3
          }
        },
        "line": 18
      },
      "2": {
        "name": "(anonymous_2)",
        "decl": {
          "start": {
            "line": 27,
            "column": 4
          },
          "end": {
            "line": 27,
            "column": 5
          }
        },
        "loc": {
          "start": {
            "line": 28,
            "column": 6
          },
          "end": {
            "line": 30,
            "column": 11
          }
        },
        "line": 28
      },
      "3": {
        "name": "(anonymous_3)",
        "decl": {
          "start": {
            "line": 28,
            "column": 31
          },
          "end": {
            "line": 28,
            "column": 32
          }
        },
        "loc": {
          "start": {
            "line": 28,
            "column": 49
          },
          "end": {
            "line": 30,
            "column": 7
          }
        },
        "line": 28
      },
      "4": {
        "name": "(anonymous_4)",
        "decl": {
          "start": {
            "line": 34,
            "column": 32
          },
          "end": {
            "line": 34,
            "column": 33
          }
        },
        "loc": {
          "start": {
            "line": 34,
            "column": 38
          },
          "end": {
            "line": 38,
            "column": 3
          }
        },
        "line": 34
      },
      "5": {
        "name": "(anonymous_5)",
        "decl": {
          "start": {
            "line": 35,
            "column": 36
          },
          "end": {
            "line": 35,
            "column": 37
          }
        },
        "loc": {
          "start": {
            "line": 35,
            "column": 51
          },
          "end": {
            "line": 37,
            "column": 5
          }
        },
        "line": 35
      },
      "6": {
        "name": "addProductToCart",
        "decl": {
          "start": {
            "line": 40,
            "column": 11
          },
          "end": {
            "line": 40,
            "column": 27
          }
        },
        "loc": {
          "start": {
            "line": 40,
            "column": 47
          },
          "end": {
            "line": 74,
            "column": 3
          }
        },
        "line": 40
      },
      "7": {
        "name": "(anonymous_7)",
        "decl": {
          "start": {
            "line": 42,
            "column": 6
          },
          "end": {
            "line": 42,
            "column": 7
          }
        },
        "loc": {
          "start": {
            "line": 42,
            "column": 13
          },
          "end": {
            "line": 42,
            "column": 32
          }
        },
        "line": 42
      },
      "8": {
        "name": "(anonymous_8)",
        "decl": {
          "start": {
            "line": 46,
            "column": 27
          },
          "end": {
            "line": 46,
            "column": 28
          }
        },
        "loc": {
          "start": {
            "line": 46,
            "column": 41
          },
          "end": {
            "line": 60,
            "column": 7
          }
        },
        "line": 46
      },
      "9": {
        "name": "(anonymous_9)",
        "decl": {
          "start": {
            "line": 47,
            "column": 45
          },
          "end": {
            "line": 47,
            "column": 46
          }
        },
        "loc": {
          "start": {
            "line": 47,
            "column": 55
          },
          "end": {
            "line": 56,
            "column": 9
          }
        },
        "line": 47
      },
      "10": {
        "name": "(anonymous_10)",
        "decl": {
          "start": {
            "line": 62,
            "column": 27
          },
          "end": {
            "line": 62,
            "column": 28
          }
        },
        "loc": {
          "start": {
            "line": 62,
            "column": 41
          },
          "end": {
            "line": 72,
            "column": 7
          }
        },
        "line": 62
      },
      "11": {
        "name": "updateProductAmount",
        "decl": {
          "start": {
            "line": 76,
            "column": 11
          },
          "end": {
            "line": 76,
            "column": 30
          }
        },
        "loc": {
          "start": {
            "line": 76,
            "column": 74
          },
          "end": {
            "line": 91,
            "column": 3
          }
        },
        "line": 76
      },
      "12": {
        "name": "(anonymous_12)",
        "decl": {
          "start": {
            "line": 77,
            "column": 25
          },
          "end": {
            "line": 77,
            "column": 26
          }
        },
        "loc": {
          "start": {
            "line": 77,
            "column": 39
          },
          "end": {
            "line": 90,
            "column": 5
          }
        },
        "line": 77
      },
      "13": {
        "name": "(anonymous_13)",
        "decl": {
          "start": {
            "line": 78,
            "column": 43
          },
          "end": {
            "line": 78,
            "column": 44
          }
        },
        "loc": {
          "start": {
            "line": 78,
            "column": 50
          },
          "end": {
            "line": 86,
            "column": 7
          }
        },
        "line": 78
      },
      "14": {
        "name": "removeProductToCart",
        "decl": {
          "start": {
            "line": 93,
            "column": 11
          },
          "end": {
            "line": 93,
            "column": 30
          }
        },
        "loc": {
          "start": {
            "line": 93,
            "column": 58
          },
          "end": {
            "line": 100,
            "column": 3
          }
        },
        "line": 93
      },
      "15": {
        "name": "(anonymous_15)",
        "decl": {
          "start": {
            "line": 94,
            "column": 25
          },
          "end": {
            "line": 94,
            "column": 26
          }
        },
        "loc": {
          "start": {
            "line": 94,
            "column": 39
          },
          "end": {
            "line": 99,
            "column": 5
          }
        },
        "line": 94
      },
      "16": {
        "name": "(anonymous_16)",
        "decl": {
          "start": {
            "line": 95,
            "column": 46
          },
          "end": {
            "line": 95,
            "column": 47
          }
        },
        "loc": {
          "start": {
            "line": 95,
            "column": 53
          },
          "end": {
            "line": 95,
            "column": 71
          }
        },
        "line": 95
      },
      "17": {
        "name": "productsCheckout",
        "decl": {
          "start": {
            "line": 102,
            "column": 11
          },
          "end": {
            "line": 102,
            "column": 27
          }
        },
        "loc": {
          "start": {
            "line": 102,
            "column": 30
          },
          "end": {
            "line": 105,
            "column": 3
          }
        },
        "line": 102
      },
      "18": {
        "name": "useCart",
        "decl": {
          "start": {
            "line": 124,
            "column": 9
          },
          "end": {
            "line": 124,
            "column": 16
          }
        },
        "loc": {
          "start": {
            "line": 124,
            "column": 19
          },
          "end": {
            "line": 132,
            "column": 1
          }
        },
        "line": 124
      }
    },
    "branchMap": {
      "0": {
        "loc": {
          "start": {
            "line": 21,
            "column": 4
          },
          "end": {
            "line": 23,
            "column": 5
          }
        },
        "type": "if",
        "locations": [
          {
            "start": {
              "line": 21,
              "column": 4
            },
            "end": {
              "line": 23,
              "column": 5
            }
          },
          {
            "start": {},
            "end": {}
          }
        ],
        "line": 21
      },
      "1": {
        "loc": {
          "start": {
            "line": 45,
            "column": 4
          },
          "end": {
            "line": 73,
            "column": 5
          }
        },
        "type": "if",
        "locations": [
          {
            "start": {
              "line": 45,
              "column": 4
            },
            "end": {
              "line": 73,
              "column": 5
            }
          },
          {
            "start": {
              "line": 61,
              "column": 11
            },
            "end": {
              "line": 73,
              "column": 5
            }
          }
        ],
        "line": 45
      },
      "2": {
        "loc": {
          "start": {
            "line": 48,
            "column": 10
          },
          "end": {
            "line": 53,
            "column": 11
          }
        },
        "type": "if",
        "locations": [
          {
            "start": {
              "line": 48,
              "column": 10
            },
            "end": {
              "line": 53,
              "column": 11
            }
          },
          {
            "start": {},
            "end": {}
          }
        ],
        "line": 48
      },
      "3": {
        "loc": {
          "start": {
            "line": 79,
            "column": 8
          },
          "end": {
            "line": 84,
            "column": 9
          }
        },
        "type": "if",
        "locations": [
          {
            "start": {
              "line": 79,
              "column": 8
            },
            "end": {
              "line": 84,
              "column": 9
            }
          },
          {
            "start": {},
            "end": {}
          }
        ],
        "line": 79
      },
      "4": {
        "loc": {
          "start": {
            "line": 127,
            "column": 2
          },
          "end": {
            "line": 129,
            "column": 3
          }
        },
        "type": "if",
        "locations": [
          {
            "start": {
              "line": 127,
              "column": 2
            },
            "end": {
              "line": 129,
              "column": 3
            }
          },
          {
            "start": {},
            "end": {}
          }
        ],
        "line": 127
      }
    },
    "s": {
      "0": 10,
      "1": 10,
      "2": 54,
      "3": 54,
      "4": 16,
      "5": 16,
      "6": 12,
      "7": 54,
      "8": 50,
      "9": 30,
      "10": 54,
      "11": 50,
      "12": 30,
      "13": 2,
      "14": 0,
      "15": 2,
      "16": 0,
      "17": 0,
      "18": 0,
      "19": 0,
      "20": 0,
      "21": 0,
      "22": 0,
      "23": 2,
      "24": 2,
      "25": 2,
      "26": 2,
      "27": 1,
      "28": 1,
      "29": 1,
      "30": 1,
      "31": 0,
      "32": 1,
      "33": 1,
      "34": 1,
      "35": 1,
      "36": 1,
      "37": 1,
      "38": 1,
      "39": 1,
      "40": 1,
      "41": 54,
      "42": 104,
      "43": 104,
      "44": 0,
      "45": 104
    },
    "f": {
      "0": 54,
      "1": 16,
      "2": 50,
      "3": 30,
      "4": 50,
      "5": 30,
      "6": 2,
      "7": 0,
      "8": 0,
      "9": 0,
      "10": 2,
      "11": 1,
      "12": 1,
      "13": 1,
      "14": 1,
      "15": 1,
      "16": 1,
      "17": 1,
      "18": 104
    },
    "b": {
      "0": [
        12,
        4
      ],
      "1": [
        0,
        2
      ],
      "2": [
        0,
        0
      ],
      "3": [
        1,
        0
      ],
      "4": [
        0,
        104
      ]
    },
    "_coverageSchema": "1a1c01bbd47fc00a2c39e90264f33305004495a9",
    "hash": "1148a4cf84e4df7d03cf33cad056e2993f95e09a"
  },
  "/home/luiz/my-projects/rocketseat-frontend-challenge/src/components/Header/styles.ts": {
    "path": "/home/luiz/my-projects/rocketseat-frontend-challenge/src/components/Header/styles.ts",
    "statementMap": {
      "0": {
        "start": {
          "line": 3,
          "column": 29
        },
        "end": {
          "line": 15,
          "column": 1
        }
      },
      "1": {
        "start": {
          "line": 8,
          "column": 37
        },
        "end": {
          "line": 8,
          "column": 57
        }
      },
      "2": {
        "start": {
          "line": 10,
          "column": 26
        },
        "end": {
          "line": 10,
          "column": 41
        }
      },
      "3": {
        "start": {
          "line": 14,
          "column": 34
        },
        "end": {
          "line": 14,
          "column": 51
        }
      },
      "4": {
        "start": {
          "line": 17,
          "column": 29
        },
        "end": {
          "line": 47,
          "column": 1
        }
      },
      "5": {
        "start": {
          "line": 25,
          "column": 24
        },
        "end": {
          "line": 25,
          "column": 41
        }
      },
      "6": {
        "start": {
          "line": 33,
          "column": 26
        },
        "end": {
          "line": 33,
          "column": 43
        }
      },
      "7": {
        "start": {
          "line": 43,
          "column": 26
        },
        "end": {
          "line": 43,
          "column": 41
        }
      },
      "8": {
        "start": {
          "line": 49,
          "column": 27
        },
        "end": {
          "line": 75,
          "column": 1
        }
      },
      "9": {
        "start": {
          "line": 56,
          "column": 34
        },
        "end": {
          "line": 56,
          "column": 50
        }
      },
      "10": {
        "start": {
          "line": 59,
          "column": 32
        },
        "end": {
          "line": 59,
          "column": 49
        }
      },
      "11": {
        "start": {
          "line": 60,
          "column": 35
        },
        "end": {
          "line": 60,
          "column": 52
        }
      },
      "12": {
        "start": {
          "line": 61,
          "column": 33
        },
        "end": {
          "line": 61,
          "column": 50
        }
      },
      "13": {
        "start": {
          "line": 62,
          "column": 34
        },
        "end": {
          "line": 62,
          "column": 51
        }
      },
      "14": {
        "start": {
          "line": 65,
          "column": 40
        },
        "end": {
          "line": 65,
          "column": 65
        }
      },
      "15": {
        "start": {
          "line": 73,
          "column": 32
        },
        "end": {
          "line": 73,
          "column": 53
        }
      },
      "16": {
        "start": {
          "line": 77,
          "column": 26
        },
        "end": {
          "line": 108,
          "column": 1
        }
      },
      "17": {
        "start": {
          "line": 85,
          "column": 40
        },
        "end": {
          "line": 85,
          "column": 65
        }
      },
      "18": {
        "start": {
          "line": 86,
          "column": 21
        },
        "end": {
          "line": 86,
          "column": 37
        }
      },
      "19": {
        "start": {
          "line": 102,
          "column": 32
        },
        "end": {
          "line": 102,
          "column": 53
        }
      },
      "20": {
        "start": {
          "line": 103,
          "column": 28
        },
        "end": {
          "line": 103,
          "column": 48
        }
      },
      "21": {
        "start": {
          "line": 106,
          "column": 39
        },
        "end": {
          "line": 106,
          "column": 55
        }
      }
    },
    "fnMap": {
      "0": {
        "name": "(anonymous_0)",
        "decl": {
          "start": {
            "line": 8,
            "column": 22
          },
          "end": {
            "line": 8,
            "column": 23
          }
        },
        "loc": {
          "start": {
            "line": 8,
            "column": 37
          },
          "end": {
            "line": 8,
            "column": 57
          }
        },
        "line": 8
      },
      "1": {
        "name": "(anonymous_1)",
        "decl": {
          "start": {
            "line": 10,
            "column": 11
          },
          "end": {
            "line": 10,
            "column": 12
          }
        },
        "loc": {
          "start": {
            "line": 10,
            "column": 26
          },
          "end": {
            "line": 10,
            "column": 41
          }
        },
        "line": 10
      },
      "2": {
        "name": "(anonymous_2)",
        "decl": {
          "start": {
            "line": 14,
            "column": 19
          },
          "end": {
            "line": 14,
            "column": 20
          }
        },
        "loc": {
          "start": {
            "line": 14,
            "column": 34
          },
          "end": {
            "line": 14,
            "column": 51
          }
        },
        "line": 14
      },
      "3": {
        "name": "(anonymous_3)",
        "decl": {
          "start": {
            "line": 25,
            "column": 9
          },
          "end": {
            "line": 25,
            "column": 10
          }
        },
        "loc": {
          "start": {
            "line": 25,
            "column": 24
          },
          "end": {
            "line": 25,
            "column": 41
          }
        },
        "line": 25
      },
      "4": {
        "name": "(anonymous_4)",
        "decl": {
          "start": {
            "line": 33,
            "column": 11
          },
          "end": {
            "line": 33,
            "column": 12
          }
        },
        "loc": {
          "start": {
            "line": 33,
            "column": 26
          },
          "end": {
            "line": 33,
            "column": 43
          }
        },
        "line": 33
      },
      "5": {
        "name": "(anonymous_5)",
        "decl": {
          "start": {
            "line": 43,
            "column": 11
          },
          "end": {
            "line": 43,
            "column": 12
          }
        },
        "loc": {
          "start": {
            "line": 43,
            "column": 26
          },
          "end": {
            "line": 43,
            "column": 41
          }
        },
        "line": 43
      },
      "6": {
        "name": "(anonymous_6)",
        "decl": {
          "start": {
            "line": 56,
            "column": 19
          },
          "end": {
            "line": 56,
            "column": 20
          }
        },
        "loc": {
          "start": {
            "line": 56,
            "column": 34
          },
          "end": {
            "line": 56,
            "column": 50
          }
        },
        "line": 56
      },
      "7": {
        "name": "(anonymous_7)",
        "decl": {
          "start": {
            "line": 59,
            "column": 17
          },
          "end": {
            "line": 59,
            "column": 18
          }
        },
        "loc": {
          "start": {
            "line": 59,
            "column": 32
          },
          "end": {
            "line": 59,
            "column": 49
          }
        },
        "line": 59
      },
      "8": {
        "name": "(anonymous_8)",
        "decl": {
          "start": {
            "line": 60,
            "column": 20
          },
          "end": {
            "line": 60,
            "column": 21
          }
        },
        "loc": {
          "start": {
            "line": 60,
            "column": 35
          },
          "end": {
            "line": 60,
            "column": 52
          }
        },
        "line": 60
      },
      "9": {
        "name": "(anonymous_9)",
        "decl": {
          "start": {
            "line": 61,
            "column": 18
          },
          "end": {
            "line": 61,
            "column": 19
          }
        },
        "loc": {
          "start": {
            "line": 61,
            "column": 33
          },
          "end": {
            "line": 61,
            "column": 50
          }
        },
        "line": 61
      },
      "10": {
        "name": "(anonymous_10)",
        "decl": {
          "start": {
            "line": 62,
            "column": 19
          },
          "end": {
            "line": 62,
            "column": 20
          }
        },
        "loc": {
          "start": {
            "line": 62,
            "column": 34
          },
          "end": {
            "line": 62,
            "column": 51
          }
        },
        "line": 62
      },
      "11": {
        "name": "(anonymous_11)",
        "decl": {
          "start": {
            "line": 65,
            "column": 25
          },
          "end": {
            "line": 65,
            "column": 26
          }
        },
        "loc": {
          "start": {
            "line": 65,
            "column": 40
          },
          "end": {
            "line": 65,
            "column": 65
          }
        },
        "line": 65
      },
      "12": {
        "name": "(anonymous_12)",
        "decl": {
          "start": {
            "line": 73,
            "column": 17
          },
          "end": {
            "line": 73,
            "column": 18
          }
        },
        "loc": {
          "start": {
            "line": 73,
            "column": 32
          },
          "end": {
            "line": 73,
            "column": 53
          }
        },
        "line": 73
      },
      "13": {
        "name": "(anonymous_13)",
        "decl": {
          "start": {
            "line": 85,
            "column": 25
          },
          "end": {
            "line": 85,
            "column": 26
          }
        },
        "loc": {
          "start": {
            "line": 85,
            "column": 40
          },
          "end": {
            "line": 85,
            "column": 65
          }
        },
        "line": 85
      },
      "14": {
        "name": "(anonymous_14)",
        "decl": {
          "start": {
            "line": 86,
            "column": 6
          },
          "end": {
            "line": 86,
            "column": 7
          }
        },
        "loc": {
          "start": {
            "line": 86,
            "column": 21
          },
          "end": {
            "line": 86,
            "column": 37
          }
        },
        "line": 86
      },
      "15": {
        "name": "(anonymous_15)",
        "decl": {
          "start": {
            "line": 102,
            "column": 17
          },
          "end": {
            "line": 102,
            "column": 18
          }
        },
        "loc": {
          "start": {
            "line": 102,
            "column": 32
          },
          "end": {
            "line": 102,
            "column": 53
          }
        },
        "line": 102
      },
      "16": {
        "name": "(anonymous_16)",
        "decl": {
          "start": {
            "line": 103,
            "column": 13
          },
          "end": {
            "line": 103,
            "column": 14
          }
        },
        "loc": {
          "start": {
            "line": 103,
            "column": 28
          },
          "end": {
            "line": 103,
            "column": 48
          }
        },
        "line": 103
      },
      "17": {
        "name": "(anonymous_17)",
        "decl": {
          "start": {
            "line": 106,
            "column": 24
          },
          "end": {
            "line": 106,
            "column": 25
          }
        },
        "loc": {
          "start": {
            "line": 106,
            "column": 39
          },
          "end": {
            "line": 106,
            "column": 55
          }
        },
        "line": 106
      }
    },
    "branchMap": {},
    "s": {
      "0": 10,
      "1": 54,
      "2": 54,
      "3": 54,
      "4": 10,
      "5": 54,
      "6": 54,
      "7": 54,
      "8": 10,
      "9": 54,
      "10": 54,
      "11": 54,
      "12": 54,
      "13": 54,
      "14": 54,
      "15": 54,
      "16": 10,
      "17": 74,
      "18": 74,
      "19": 74,
      "20": 74,
      "21": 74
    },
    "f": {
      "0": 54,
      "1": 54,
      "2": 54,
      "3": 54,
      "4": 54,
      "5": 54,
      "6": 54,
      "7": 54,
      "8": 54,
      "9": 54,
      "10": 54,
      "11": 54,
      "12": 54,
      "13": 74,
      "14": 74,
      "15": 74,
      "16": 74,
      "17": 74
    },
    "b": {},
    "_coverageSchema": "1a1c01bbd47fc00a2c39e90264f33305004495a9",
    "hash": "6fae25895b1825654aa68fbe886d4f2a97576e76"
  },
  "/home/luiz/my-projects/rocketseat-frontend-challenge/src/components/Header/index.tsx": {
    "path": "/home/luiz/my-projects/rocketseat-frontend-challenge/src/components/Header/index.tsx",
    "statementMap": {
      "0": {
        "start": {
          "line": 22,
          "column": 17
        },
        "end": {
          "line": 22,
          "column": 28
        }
      },
      "1": {
        "start": {
          "line": 24,
          "column": 22
        },
        "end": {
          "line": 38,
          "column": 3
        }
      },
      "2": {
        "start": {
          "line": 25,
          "column": 4
        },
        "end": {
          "line": 25,
          "column": 23
        }
      },
      "3": {
        "start": {
          "line": 27,
          "column": 4
        },
        "end": {
          "line": 37,
          "column": 5
        }
      },
      "4": {
        "start": {
          "line": 28,
          "column": 21
        },
        "end": {
          "line": 28,
          "column": 42
        }
      },
      "5": {
        "start": {
          "line": 30,
          "column": 6
        },
        "end": {
          "line": 36,
          "column": 8
        }
      },
      "6": {
        "start": {
          "line": 40,
          "column": 32
        },
        "end": {
          "line": 40,
          "column": 41
        }
      },
      "7": {
        "start": {
          "line": 42,
          "column": 2
        },
        "end": {
          "line": 68,
          "column": 4
        }
      }
    },
    "fnMap": {
      "0": {
        "name": "Header",
        "decl": {
          "start": {
            "line": 21,
            "column": 16
          },
          "end": {
            "line": 21,
            "column": 22
          }
        },
        "loc": {
          "start": {
            "line": 21,
            "column": 25
          },
          "end": {
            "line": 69,
            "column": 1
          }
        },
        "line": 21
      },
      "1": {
        "name": "(anonymous_1)",
        "decl": {
          "start": {
            "line": 24,
            "column": 22
          },
          "end": {
            "line": 24,
            "column": 23
          }
        },
        "loc": {
          "start": {
            "line": 24,
            "column": 68
          },
          "end": {
            "line": 38,
            "column": 3
          }
        },
        "line": 24
      }
    },
    "branchMap": {
      "0": {
        "loc": {
          "start": {
            "line": 27,
            "column": 4
          },
          "end": {
            "line": 37,
            "column": 5
          }
        },
        "type": "if",
        "locations": [
          {
            "start": {
              "line": 27,
              "column": 4
            },
            "end": {
              "line": 37,
              "column": 5
            }
          },
          {
            "start": {},
            "end": {}
          }
        ],
        "line": 27
      },
      "1": {
        "loc": {
          "start": {
            "line": 33,
            "column": 17
          },
          "end": {
            "line": 33,
            "column": 67
          }
        },
        "type": "cond-expr",
        "locations": [
          {
            "start": {
              "line": 33,
              "column": 26
            },
            "end": {
              "line": 33,
              "column": 62
            }
          },
          {
            "start": {
              "line": 33,
              "column": 65
            },
            "end": {
              "line": 33,
              "column": 67
            }
          }
        ],
        "line": 33
      }
    },
    "s": {
      "0": 62,
      "1": 54,
      "2": 0,
      "3": 0,
      "4": 0,
      "5": 0,
      "6": 54,
      "7": 54
    },
    "f": {
      "0": 62,
      "1": 0
    },
    "b": {
      "0": [
        0,
        0
      ],
      "1": [
        0,
        0
      ]
    },
    "_coverageSchema": "1a1c01bbd47fc00a2c39e90264f33305004495a9",
    "hash": "8b8785dabde0d393b65131932b00cf40b9bbb002"
  },
  "/home/luiz/my-projects/rocketseat-frontend-challenge/src/styles/global.ts": {
    "path": "/home/luiz/my-projects/rocketseat-frontend-challenge/src/styles/global.ts",
    "statementMap": {
      "0": {
        "start": {
          "line": 3,
          "column": 28
        },
        "end": {
          "line": 22,
          "column": 1
        }
      },
      "1": {
        "start": {
          "line": 13,
          "column": 39
        },
        "end": {
          "line": 13,
          "column": 62
        }
      }
    },
    "fnMap": {
      "0": {
        "name": "(anonymous_0)",
        "decl": {
          "start": {
            "line": 13,
            "column": 24
          },
          "end": {
            "line": 13,
            "column": 25
          }
        },
        "loc": {
          "start": {
            "line": 13,
            "column": 39
          },
          "end": {
            "line": 13,
            "column": 62
          }
        },
        "line": 13
      }
    },
    "branchMap": {},
    "s": {
      "0": 10,
      "1": 16
    },
    "f": {
      "0": 16
    },
    "b": {},
    "_coverageSchema": "1a1c01bbd47fc00a2c39e90264f33305004495a9",
    "hash": "1c4e7803eaaac136d5644c579c204f359816ab7e"
  },
  "/home/luiz/my-projects/rocketseat-frontend-challenge/src/styles/theme.ts": {
    "path": "/home/luiz/my-projects/rocketseat-frontend-challenge/src/styles/theme.ts",
    "statementMap": {
      "0": {
        "start": {
          "line": 3,
          "column": 35
        },
        "end": {
          "line": 52,
          "column": 1
        }
      }
    },
    "fnMap": {},
    "branchMap": {},
    "s": {
      "0": 10
    },
    "f": {},
    "b": {},
    "_coverageSchema": "1a1c01bbd47fc00a2c39e90264f33305004495a9",
    "hash": "50bf06c120123b15cb59baafaa5e5346b628322e"
  },
  "/home/luiz/my-projects/rocketseat-frontend-challenge/src/pages/_app.tsx": {
    "path": "/home/luiz/my-projects/rocketseat-frontend-challenge/src/pages/_app.tsx",
    "statementMap": {
      "0": {
        "start": {
          "line": 15,
          "column": 2
        },
        "end": {
          "line": 24,
          "column": 4
        }
      }
    },
    "fnMap": {
      "0": {
        "name": "MyApp",
        "decl": {
          "start": {
            "line": 14,
            "column": 9
          },
          "end": {
            "line": 14,
            "column": 14
          }
        },
        "loc": {
          "start": {
            "line": 14,
            "column": 51
          },
          "end": {
            "line": 25,
            "column": 1
          }
        },
        "line": 14
      }
    },
    "branchMap": {},
    "s": {
      "0": 20
    },
    "f": {
      "0": 20
    },
    "b": {},
    "_coverageSchema": "1a1c01bbd47fc00a2c39e90264f33305004495a9",
    "hash": "a14dcfbcc4ba36b8d4411afde2bd3324e2007d96"
  },
  "/home/luiz/my-projects/rocketseat-frontend-challenge/src/components/ProductCategory/styles.ts": {
    "path": "/home/luiz/my-projects/rocketseat-frontend-challenge/src/components/ProductCategory/styles.ts",
    "statementMap": {
      "0": {
        "start": {
          "line": 7,
          "column": 38
        },
        "end": {
          "line": 11,
          "column": 1
        }
      },
      "1": {
        "start": {
          "line": 13,
          "column": 28
        },
        "end": {
          "line": 42,
          "column": 1
        }
      },
      "2": {
        "start": {
          "line": 19,
          "column": 33
        },
        "end": {
          "line": 19,
          "column": 54
        }
      },
      "3": {
        "start": {
          "line": 21,
          "column": 26
        },
        "end": {
          "line": 21,
          "column": 43
        }
      },
      "4": {
        "start": {
          "line": 26,
          "column": 4
        },
        "end": {
          "line": 32,
          "column": 5
        }
      },
      "5": {
        "start": {
          "line": 31,
          "column": 48
        },
        "end": {
          "line": 31,
          "column": 70
        }
      },
      "6": {
        "start": {
          "line": 35,
          "column": 40
        },
        "end": {
          "line": 35,
          "column": 65
        }
      },
      "7": {
        "start": {
          "line": 36,
          "column": 37
        },
        "end": {
          "line": 36,
          "column": 53
        }
      },
      "8": {
        "start": {
          "line": 39,
          "column": 26
        },
        "end": {
          "line": 39,
          "column": 41
        }
      },
      "9": {
        "start": {
          "line": 40,
          "column": 32
        },
        "end": {
          "line": 40,
          "column": 53
        }
      }
    },
    "fnMap": {
      "0": {
        "name": "(anonymous_0)",
        "decl": {
          "start": {
            "line": 19,
            "column": 18
          },
          "end": {
            "line": 19,
            "column": 19
          }
        },
        "loc": {
          "start": {
            "line": 19,
            "column": 33
          },
          "end": {
            "line": 19,
            "column": 54
          }
        },
        "line": 19
      },
      "1": {
        "name": "(anonymous_1)",
        "decl": {
          "start": {
            "line": 21,
            "column": 11
          },
          "end": {
            "line": 21,
            "column": 12
          }
        },
        "loc": {
          "start": {
            "line": 21,
            "column": 26
          },
          "end": {
            "line": 21,
            "column": 43
          }
        },
        "line": 21
      },
      "2": {
        "name": "(anonymous_2)",
        "decl": {
          "start": {
            "line": 25,
            "column": 4
          },
          "end": {
            "line": 25,
            "column": 5
          }
        },
        "loc": {
          "start": {
            "line": 26,
            "column": 4
          },
          "end": {
            "line": 32,
            "column": 5
          }
        },
        "line": 26
      },
      "3": {
        "name": "(anonymous_3)",
        "decl": {
          "start": {
            "line": 31,
            "column": 33
          },
          "end": {
            "line": 31,
            "column": 34
          }
        },
        "loc": {
          "start": {
            "line": 31,
            "column": 48
          },
          "end": {
            "line": 31,
            "column": 70
          }
        },
        "line": 31
      },
      "4": {
        "name": "(anonymous_4)",
        "decl": {
          "start": {
            "line": 35,
            "column": 25
          },
          "end": {
            "line": 35,
            "column": 26
          }
        },
        "loc": {
          "start": {
            "line": 35,
            "column": 40
          },
          "end": {
            "line": 35,
            "column": 65
          }
        },
        "line": 35
      },
      "5": {
        "name": "(anonymous_5)",
        "decl": {
          "start": {
            "line": 36,
            "column": 22
          },
          "end": {
            "line": 36,
            "column": 23
          }
        },
        "loc": {
          "start": {
            "line": 36,
            "column": 37
          },
          "end": {
            "line": 36,
            "column": 53
          }
        },
        "line": 36
      },
      "6": {
        "name": "(anonymous_6)",
        "decl": {
          "start": {
            "line": 39,
            "column": 11
          },
          "end": {
            "line": 39,
            "column": 12
          }
        },
        "loc": {
          "start": {
            "line": 39,
            "column": 26
          },
          "end": {
            "line": 39,
            "column": 41
          }
        },
        "line": 39
      },
      "7": {
        "name": "(anonymous_7)",
        "decl": {
          "start": {
            "line": 40,
            "column": 17
          },
          "end": {
            "line": 40,
            "column": 18
          }
        },
        "loc": {
          "start": {
            "line": 40,
            "column": 32
          },
          "end": {
            "line": 40,
            "column": 53
          }
        },
        "line": 40
      }
    },
    "branchMap": {
      "0": {
        "loc": {
          "start": {
            "line": 26,
            "column": 4
          },
          "end": {
            "line": 32,
            "column": 5
          }
        },
        "type": "binary-expr",
        "locations": [
          {
            "start": {
              "line": 26,
              "column": 4
            },
            "end": {
              "line": 26,
              "column": 18
            }
          },
          {
            "start": {
              "line": 27,
              "column": 4
            },
            "end": {
              "line": 32,
              "column": 5
            }
          }
        ],
        "line": 26
      }
    },
    "s": {
      "0": 2,
      "1": 2,
      "2": 12,
      "3": 12,
      "4": 12,
      "5": 4,
      "6": 12,
      "7": 12,
      "8": 12,
      "9": 12
    },
    "f": {
      "0": 12,
      "1": 12,
      "2": 12,
      "3": 4,
      "4": 12,
      "5": 12,
      "6": 12,
      "7": 12
    },
    "b": {
      "0": [
        12,
        4
      ]
    },
    "_coverageSchema": "1a1c01bbd47fc00a2c39e90264f33305004495a9",
    "hash": "733bde9ab5aa7c9fb4dfdbeebe5e02fc97b50602"
  },
  "/home/luiz/my-projects/rocketseat-frontend-challenge/src/components/ProductCategory/index.tsx": {
    "path": "/home/luiz/my-projects/rocketseat-frontend-challenge/src/components/ProductCategory/index.tsx",
    "statementMap": {
      "0": {
        "start": {
          "line": 20,
          "column": 17
        },
        "end": {
          "line": 20,
          "column": 28
        }
      },
      "1": {
        "start": {
          "line": 21,
          "column": 46
        },
        "end": {
          "line": 28,
          "column": 3
        }
      },
      "2": {
        "start": {
          "line": 23,
          "column": 6
        },
        "end": {
          "line": 25,
          "column": 7
        }
      },
      "3": {
        "start": {
          "line": 24,
          "column": 8
        },
        "end": {
          "line": 24,
          "column": 61
        }
      },
      "4": {
        "start": {
          "line": 26,
          "column": 6
        },
        "end": {
          "line": 26,
          "column": 19
        }
      },
      "5": {
        "start": {
          "line": 31,
          "column": 4
        },
        "end": {
          "line": 37,
          "column": 6
        }
      },
      "6": {
        "start": {
          "line": 38,
          "column": 4
        },
        "end": {
          "line": 38,
          "column": 29
        }
      },
      "7": {
        "start": {
          "line": 41,
          "column": 2
        },
        "end": {
          "line": 54,
          "column": 4
        }
      },
      "8": {
        "start": {
          "line": 44,
          "column": 8
        },
        "end": {
          "line": 51,
          "column": 23
        }
      },
      "9": {
        "start": {
          "line": 48,
          "column": 25
        },
        "end": {
          "line": 48,
          "column": 69
        }
      }
    },
    "fnMap": {
      "0": {
        "name": "ProductCategory",
        "decl": {
          "start": {
            "line": 19,
            "column": 16
          },
          "end": {
            "line": 19,
            "column": 31
          }
        },
        "loc": {
          "start": {
            "line": 19,
            "column": 34
          },
          "end": {
            "line": 55,
            "column": 1
          }
        },
        "line": 19
      },
      "1": {
        "name": "(anonymous_1)",
        "decl": {
          "start": {
            "line": 22,
            "column": 4
          },
          "end": {
            "line": 22,
            "column": 5
          }
        },
        "loc": {
          "start": {
            "line": 22,
            "column": 10
          },
          "end": {
            "line": 27,
            "column": 5
          }
        },
        "line": 22
      },
      "2": {
        "name": "handleSetCategory",
        "decl": {
          "start": {
            "line": 30,
            "column": 11
          },
          "end": {
            "line": 30,
            "column": 28
          }
        },
        "loc": {
          "start": {
            "line": 30,
            "column": 56
          },
          "end": {
            "line": 39,
            "column": 3
          }
        },
        "line": 30
      },
      "3": {
        "name": "(anonymous_3)",
        "decl": {
          "start": {
            "line": 43,
            "column": 43
          },
          "end": {
            "line": 43,
            "column": 44
          }
        },
        "loc": {
          "start": {
            "line": 44,
            "column": 8
          },
          "end": {
            "line": 51,
            "column": 23
          }
        },
        "line": 44
      },
      "4": {
        "name": "(anonymous_4)",
        "decl": {
          "start": {
            "line": 48,
            "column": 19
          },
          "end": {
            "line": 48,
            "column": 20
          }
        },
        "loc": {
          "start": {
            "line": 48,
            "column": 25
          },
          "end": {
            "line": 48,
            "column": 69
          }
        },
        "line": 48
      }
    },
    "branchMap": {
      "0": {
        "loc": {
          "start": {
            "line": 23,
            "column": 6
          },
          "end": {
            "line": 25,
            "column": 7
          }
        },
        "type": "if",
        "locations": [
          {
            "start": {
              "line": 23,
              "column": 6
            },
            "end": {
              "line": 25,
              "column": 7
            }
          },
          {
            "start": {},
            "end": {}
          }
        ],
        "line": 23
      }
    },
    "s": {
      "0": 4,
      "1": 4,
      "2": 4,
      "3": 0,
      "4": 4,
      "5": 0,
      "6": 0,
      "7": 4,
      "8": 12,
      "9": 0
    },
    "f": {
      "0": 4,
      "1": 4,
      "2": 0,
      "3": 12,
      "4": 0
    },
    "b": {
      "0": [
        0,
        4
      ]
    },
    "_coverageSchema": "1a1c01bbd47fc00a2c39e90264f33305004495a9",
    "hash": "35de8a265436929b0c2de413bc1f0a6ebb924d6c"
  },
  "/home/luiz/my-projects/rocketseat-frontend-challenge/src/components/OrderByDropdown/styles.ts": {
    "path": "/home/luiz/my-projects/rocketseat-frontend-challenge/src/components/OrderByDropdown/styles.ts",
    "statementMap": {
      "0": {
        "start": {
          "line": 4,
          "column": 35
        },
        "end": {
          "line": 15,
          "column": 1
        }
      },
      "1": {
        "start": {
          "line": 5,
          "column": 35
        },
        "end": {
          "line": 5,
          "column": 52
        }
      },
      "2": {
        "start": {
          "line": 6,
          "column": 32
        },
        "end": {
          "line": 6,
          "column": 49
        }
      },
      "3": {
        "start": {
          "line": 7,
          "column": 33
        },
        "end": {
          "line": 7,
          "column": 50
        }
      },
      "4": {
        "start": {
          "line": 8,
          "column": 34
        },
        "end": {
          "line": 8,
          "column": 51
        }
      },
      "5": {
        "start": {
          "line": 10,
          "column": 37
        },
        "end": {
          "line": 10,
          "column": 57
        }
      },
      "6": {
        "start": {
          "line": 11,
          "column": 34
        },
        "end": {
          "line": 11,
          "column": 50
        }
      },
      "7": {
        "start": {
          "line": 17,
          "column": 35
        },
        "end": {
          "line": 39,
          "column": 1
        }
      },
      "8": {
        "start": {
          "line": 25,
          "column": 30
        },
        "end": {
          "line": 25,
          "column": 51
        }
      },
      "9": {
        "start": {
          "line": 26,
          "column": 26
        },
        "end": {
          "line": 26,
          "column": 43
        }
      },
      "10": {
        "start": {
          "line": 29,
          "column": 31
        },
        "end": {
          "line": 29,
          "column": 48
        }
      },
      "11": {
        "start": {
          "line": 31,
          "column": 26
        },
        "end": {
          "line": 31,
          "column": 41
        }
      },
      "12": {
        "start": {
          "line": 36,
          "column": 40
        },
        "end": {
          "line": 36,
          "column": 65
        }
      },
      "13": {
        "start": {
          "line": 37,
          "column": 37
        },
        "end": {
          "line": 37,
          "column": 53
        }
      },
      "14": {
        "start": {
          "line": 41,
          "column": 32
        },
        "end": {
          "line": 53,
          "column": 1
        }
      },
      "15": {
        "start": {
          "line": 45,
          "column": 30
        },
        "end": {
          "line": 45,
          "column": 51
        }
      },
      "16": {
        "start": {
          "line": 46,
          "column": 26
        },
        "end": {
          "line": 46,
          "column": 43
        }
      },
      "17": {
        "start": {
          "line": 51,
          "column": 28
        },
        "end": {
          "line": 51,
          "column": 47
        }
      }
    },
    "fnMap": {
      "0": {
        "name": "(anonymous_0)",
        "decl": {
          "start": {
            "line": 5,
            "column": 20
          },
          "end": {
            "line": 5,
            "column": 21
          }
        },
        "loc": {
          "start": {
            "line": 5,
            "column": 35
          },
          "end": {
            "line": 5,
            "column": 52
          }
        },
        "line": 5
      },
      "1": {
        "name": "(anonymous_1)",
        "decl": {
          "start": {
            "line": 6,
            "column": 17
          },
          "end": {
            "line": 6,
            "column": 18
          }
        },
        "loc": {
          "start": {
            "line": 6,
            "column": 32
          },
          "end": {
            "line": 6,
            "column": 49
          }
        },
        "line": 6
      },
      "2": {
        "name": "(anonymous_2)",
        "decl": {
          "start": {
            "line": 7,
            "column": 18
          },
          "end": {
            "line": 7,
            "column": 19
          }
        },
        "loc": {
          "start": {
            "line": 7,
            "column": 33
          },
          "end": {
            "line": 7,
            "column": 50
          }
        },
        "line": 7
      },
      "3": {
        "name": "(anonymous_3)",
        "decl": {
          "start": {
            "line": 8,
            "column": 19
          },
          "end": {
            "line": 8,
            "column": 20
          }
        },
        "loc": {
          "start": {
            "line": 8,
            "column": 34
          },
          "end": {
            "line": 8,
            "column": 51
          }
        },
        "line": 8
      },
      "4": {
        "name": "(anonymous_4)",
        "decl": {
          "start": {
            "line": 10,
            "column": 22
          },
          "end": {
            "line": 10,
            "column": 23
          }
        },
        "loc": {
          "start": {
            "line": 10,
            "column": 37
          },
          "end": {
            "line": 10,
            "column": 57
          }
        },
        "line": 10
      },
      "5": {
        "name": "(anonymous_5)",
        "decl": {
          "start": {
            "line": 11,
            "column": 19
          },
          "end": {
            "line": 11,
            "column": 20
          }
        },
        "loc": {
          "start": {
            "line": 11,
            "column": 34
          },
          "end": {
            "line": 11,
            "column": 50
          }
        },
        "line": 11
      },
      "6": {
        "name": "(anonymous_6)",
        "decl": {
          "start": {
            "line": 25,
            "column": 15
          },
          "end": {
            "line": 25,
            "column": 16
          }
        },
        "loc": {
          "start": {
            "line": 25,
            "column": 30
          },
          "end": {
            "line": 25,
            "column": 51
          }
        },
        "line": 25
      },
      "7": {
        "name": "(anonymous_7)",
        "decl": {
          "start": {
            "line": 26,
            "column": 11
          },
          "end": {
            "line": 26,
            "column": 12
          }
        },
        "loc": {
          "start": {
            "line": 26,
            "column": 26
          },
          "end": {
            "line": 26,
            "column": 43
          }
        },
        "line": 26
      },
      "8": {
        "name": "(anonymous_8)",
        "decl": {
          "start": {
            "line": 29,
            "column": 16
          },
          "end": {
            "line": 29,
            "column": 17
          }
        },
        "loc": {
          "start": {
            "line": 29,
            "column": 31
          },
          "end": {
            "line": 29,
            "column": 48
          }
        },
        "line": 29
      },
      "9": {
        "name": "(anonymous_9)",
        "decl": {
          "start": {
            "line": 31,
            "column": 11
          },
          "end": {
            "line": 31,
            "column": 12
          }
        },
        "loc": {
          "start": {
            "line": 31,
            "column": 26
          },
          "end": {
            "line": 31,
            "column": 41
          }
        },
        "line": 31
      },
      "10": {
        "name": "(anonymous_10)",
        "decl": {
          "start": {
            "line": 36,
            "column": 25
          },
          "end": {
            "line": 36,
            "column": 26
          }
        },
        "loc": {
          "start": {
            "line": 36,
            "column": 40
          },
          "end": {
            "line": 36,
            "column": 65
          }
        },
        "line": 36
      },
      "11": {
        "name": "(anonymous_11)",
        "decl": {
          "start": {
            "line": 37,
            "column": 22
          },
          "end": {
            "line": 37,
            "column": 23
          }
        },
        "loc": {
          "start": {
            "line": 37,
            "column": 37
          },
          "end": {
            "line": 37,
            "column": 53
          }
        },
        "line": 37
      },
      "12": {
        "name": "(anonymous_12)",
        "decl": {
          "start": {
            "line": 45,
            "column": 15
          },
          "end": {
            "line": 45,
            "column": 16
          }
        },
        "loc": {
          "start": {
            "line": 45,
            "column": 30
          },
          "end": {
            "line": 45,
            "column": 51
          }
        },
        "line": 45
      },
      "13": {
        "name": "(anonymous_13)",
        "decl": {
          "start": {
            "line": 46,
            "column": 11
          },
          "end": {
            "line": 46,
            "column": 12
          }
        },
        "loc": {
          "start": {
            "line": 46,
            "column": 26
          },
          "end": {
            "line": 46,
            "column": 43
          }
        },
        "line": 46
      },
      "14": {
        "name": "(anonymous_14)",
        "decl": {
          "start": {
            "line": 51,
            "column": 13
          },
          "end": {
            "line": 51,
            "column": 14
          }
        },
        "loc": {
          "start": {
            "line": 51,
            "column": 28
          },
          "end": {
            "line": 51,
            "column": 47
          }
        },
        "line": 51
      }
    },
    "branchMap": {},
    "s": {
      "0": 2,
      "1": 4,
      "2": 4,
      "3": 4,
      "4": 4,
      "5": 4,
      "6": 4,
      "7": 2,
      "8": 4,
      "9": 4,
      "10": 4,
      "11": 4,
      "12": 4,
      "13": 4,
      "14": 2,
      "15": 0,
      "16": 0,
      "17": 0
    },
    "f": {
      "0": 4,
      "1": 4,
      "2": 4,
      "3": 4,
      "4": 4,
      "5": 4,
      "6": 4,
      "7": 4,
      "8": 4,
      "9": 4,
      "10": 4,
      "11": 4,
      "12": 0,
      "13": 0,
      "14": 0
    },
    "b": {},
    "_coverageSchema": "1a1c01bbd47fc00a2c39e90264f33305004495a9",
    "hash": "a70fb52dc8a11d4d47de81f99f58bbdabef56f4a"
  },
  "/home/luiz/my-projects/rocketseat-frontend-challenge/src/components/OrderByDropdown/index.tsx": {
    "path": "/home/luiz/my-projects/rocketseat-frontend-challenge/src/components/OrderByDropdown/index.tsx",
    "statementMap": {
      "0": {
        "start": {
          "line": 31,
          "column": 17
        },
        "end": {
          "line": 31,
          "column": 28
        }
      },
      "1": {
        "start": {
          "line": 33,
          "column": 28
        },
        "end": {
          "line": 38,
          "column": 4
        }
      },
      "2": {
        "start": {
          "line": 34,
          "column": 4
        },
        "end": {
          "line": 36,
          "column": 5
        }
      },
      "3": {
        "start": {
          "line": 35,
          "column": 6
        },
        "end": {
          "line": 35,
          "column": 55
        }
      },
      "4": {
        "start": {
          "line": 37,
          "column": 4
        },
        "end": {
          "line": 37,
          "column": 16
        }
      },
      "5": {
        "start": {
          "line": 41,
          "column": 4
        },
        "end": {
          "line": 41,
          "column": 55
        }
      },
      "6": {
        "start": {
          "line": 42,
          "column": 4
        },
        "end": {
          "line": 48,
          "column": 6
        }
      },
      "7": {
        "start": {
          "line": 49,
          "column": 4
        },
        "end": {
          "line": 49,
          "column": 21
        }
      },
      "8": {
        "start": {
          "line": 52,
          "column": 2
        },
        "end": {
          "line": 70,
          "column": 4
        }
      },
      "9": {
        "start": {
          "line": 60,
          "column": 10
        },
        "end": {
          "line": 66,
          "column": 29
        }
      },
      "10": {
        "start": {
          "line": 63,
          "column": 28
        },
        "end": {
          "line": 63,
          "column": 68
        }
      }
    },
    "fnMap": {
      "0": {
        "name": "OrderByDropdown",
        "decl": {
          "start": {
            "line": 30,
            "column": 16
          },
          "end": {
            "line": 30,
            "column": 31
          }
        },
        "loc": {
          "start": {
            "line": 30,
            "column": 34
          },
          "end": {
            "line": 71,
            "column": 1
          }
        },
        "line": 30
      },
      "1": {
        "name": "(anonymous_1)",
        "decl": {
          "start": {
            "line": 33,
            "column": 61
          },
          "end": {
            "line": 33,
            "column": 62
          }
        },
        "loc": {
          "start": {
            "line": 33,
            "column": 67
          },
          "end": {
            "line": 38,
            "column": 3
          }
        },
        "line": 33
      },
      "2": {
        "name": "handleSetOrderBy",
        "decl": {
          "start": {
            "line": 40,
            "column": 11
          },
          "end": {
            "line": 40,
            "column": 27
          }
        },
        "loc": {
          "start": {
            "line": 40,
            "column": 53
          },
          "end": {
            "line": 50,
            "column": 3
          }
        },
        "line": 40
      },
      "3": {
        "name": "(anonymous_3)",
        "decl": {
          "start": {
            "line": 59,
            "column": 42
          },
          "end": {
            "line": 59,
            "column": 43
          }
        },
        "loc": {
          "start": {
            "line": 60,
            "column": 10
          },
          "end": {
            "line": 66,
            "column": 29
          }
        },
        "line": 60
      },
      "4": {
        "name": "(anonymous_4)",
        "decl": {
          "start": {
            "line": 63,
            "column": 22
          },
          "end": {
            "line": 63,
            "column": 23
          }
        },
        "loc": {
          "start": {
            "line": 63,
            "column": 28
          },
          "end": {
            "line": 63,
            "column": 68
          }
        },
        "line": 63
      }
    },
    "branchMap": {
      "0": {
        "loc": {
          "start": {
            "line": 34,
            "column": 4
          },
          "end": {
            "line": 36,
            "column": 5
          }
        },
        "type": "if",
        "locations": [
          {
            "start": {
              "line": 34,
              "column": 4
            },
            "end": {
              "line": 36,
              "column": 5
            }
          },
          {
            "start": {},
            "end": {}
          }
        ],
        "line": 34
      },
      "1": {
        "loc": {
          "start": {
            "line": 55,
            "column": 23
          },
          "end": {
            "line": 55,
            "column": 56
          }
        },
        "type": "cond-expr",
        "locations": [
          {
            "start": {
              "line": 55,
              "column": 31
            },
            "end": {
              "line": 55,
              "column": 49
            }
          },
          {
            "start": {
              "line": 55,
              "column": 52
            },
            "end": {
              "line": 55,
              "column": 56
            }
          }
        ],
        "line": 55
      }
    },
    "s": {
      "0": 4,
      "1": 4,
      "2": 4,
      "3": 0,
      "4": 4,
      "5": 0,
      "6": 0,
      "7": 0,
      "8": 4,
      "9": 16,
      "10": 0
    },
    "f": {
      "0": 4,
      "1": 4,
      "2": 0,
      "3": 16,
      "4": 0
    },
    "b": {
      "0": [
        0,
        4
      ],
      "1": [
        0,
        4
      ]
    },
    "_coverageSchema": "1a1c01bbd47fc00a2c39e90264f33305004495a9",
    "hash": "7adc01477515345e5b44491a4673dd2b1a65b26d"
  },
  "/home/luiz/my-projects/rocketseat-frontend-challenge/src/utils/formatMoney.ts": {
    "path": "/home/luiz/my-projects/rocketseat-frontend-challenge/src/utils/formatMoney.ts",
    "statementMap": {
      "0": {
        "start": {
          "line": 2,
          "column": 2
        },
        "end": {
          "line": 5,
          "column": 19
        }
      }
    },
    "fnMap": {
      "0": {
        "name": "formatMoney",
        "decl": {
          "start": {
            "line": 1,
            "column": 16
          },
          "end": {
            "line": 1,
            "column": 27
          }
        },
        "loc": {
          "start": {
            "line": 1,
            "column": 43
          },
          "end": {
            "line": 6,
            "column": 1
          }
        },
        "line": 1
      }
    },
    "branchMap": {},
    "s": {
      "0": 208
    },
    "f": {
      "0": 208
    },
    "b": {},
    "_coverageSchema": "1a1c01bbd47fc00a2c39e90264f33305004495a9",
    "hash": "971c8c241297a71295aeec8af775f7ae91bd4e52"
  },
  "/home/luiz/my-projects/rocketseat-frontend-challenge/src/components/ProductCard/styles.ts": {
    "path": "/home/luiz/my-projects/rocketseat-frontend-challenge/src/components/ProductCard/styles.ts",
    "statementMap": {
      "0": {
        "start": {
          "line": 3,
          "column": 34
        },
        "end": {
          "line": 35,
          "column": 1
        }
      },
      "1": {
        "start": {
          "line": 12,
          "column": 37
        },
        "end": {
          "line": 12,
          "column": 57
        }
      },
      "2": {
        "start": {
          "line": 13,
          "column": 34
        },
        "end": {
          "line": 13,
          "column": 48
        }
      },
      "3": {
        "start": {
          "line": 16,
          "column": 40
        },
        "end": {
          "line": 16,
          "column": 65
        }
      },
      "4": {
        "start": {
          "line": 17,
          "column": 37
        },
        "end": {
          "line": 17,
          "column": 53
        }
      },
      "5": {
        "start": {
          "line": 27,
          "column": 48
        },
        "end": {
          "line": 27,
          "column": 68
        }
      },
      "6": {
        "start": {
          "line": 32,
          "column": 26
        },
        "end": {
          "line": 32,
          "column": 41
        }
      }
    },
    "fnMap": {
      "0": {
        "name": "(anonymous_0)",
        "decl": {
          "start": {
            "line": 12,
            "column": 22
          },
          "end": {
            "line": 12,
            "column": 23
          }
        },
        "loc": {
          "start": {
            "line": 12,
            "column": 37
          },
          "end": {
            "line": 12,
            "column": 57
          }
        },
        "line": 12
      },
      "1": {
        "name": "(anonymous_1)",
        "decl": {
          "start": {
            "line": 13,
            "column": 19
          },
          "end": {
            "line": 13,
            "column": 20
          }
        },
        "loc": {
          "start": {
            "line": 13,
            "column": 34
          },
          "end": {
            "line": 13,
            "column": 48
          }
        },
        "line": 13
      },
      "2": {
        "name": "(anonymous_2)",
        "decl": {
          "start": {
            "line": 16,
            "column": 25
          },
          "end": {
            "line": 16,
            "column": 26
          }
        },
        "loc": {
          "start": {
            "line": 16,
            "column": 40
          },
          "end": {
            "line": 16,
            "column": 65
          }
        },
        "line": 16
      },
      "3": {
        "name": "(anonymous_3)",
        "decl": {
          "start": {
            "line": 17,
            "column": 22
          },
          "end": {
            "line": 17,
            "column": 23
          }
        },
        "loc": {
          "start": {
            "line": 17,
            "column": 37
          },
          "end": {
            "line": 17,
            "column": 53
          }
        },
        "line": 17
      },
      "4": {
        "name": "(anonymous_4)",
        "decl": {
          "start": {
            "line": 27,
            "column": 33
          },
          "end": {
            "line": 27,
            "column": 34
          }
        },
        "loc": {
          "start": {
            "line": 27,
            "column": 48
          },
          "end": {
            "line": 27,
            "column": 68
          }
        },
        "line": 27
      },
      "5": {
        "name": "(anonymous_5)",
        "decl": {
          "start": {
            "line": 32,
            "column": 11
          },
          "end": {
            "line": 32,
            "column": 12
          }
        },
        "loc": {
          "start": {
            "line": 32,
            "column": 26
          },
          "end": {
            "line": 32,
            "column": 41
          }
        },
        "line": 32
      }
    },
    "branchMap": {},
    "s": {
      "0": 2,
      "1": 48,
      "2": 48,
      "3": 48,
      "4": 48,
      "5": 48,
      "6": 48
    },
    "f": {
      "0": 48,
      "1": 48,
      "2": 48,
      "3": 48,
      "4": 48,
      "5": 48
    },
    "b": {},
    "_coverageSchema": "1a1c01bbd47fc00a2c39e90264f33305004495a9",
    "hash": "f883f2eed2c38e41403991777c4bcb4d32bd6dea"
  },
  "/home/luiz/my-projects/rocketseat-frontend-challenge/src/components/ProductCard/index.tsx": {
    "path": "/home/luiz/my-projects/rocketseat-frontend-challenge/src/components/ProductCard/index.tsx",
    "statementMap": {
      "0": {
        "start": {
          "line": 18,
          "column": 17
        },
        "end": {
          "line": 18,
          "column": 28
        }
      },
      "1": {
        "start": {
          "line": 21,
          "column": 4
        },
        "end": {
          "line": 21,
          "column": 42
        }
      },
      "2": {
        "start": {
          "line": 24,
          "column": 2
        },
        "end": {
          "line": 48,
          "column": 4
        }
      }
    },
    "fnMap": {
      "0": {
        "name": "ProductCard",
        "decl": {
          "start": {
            "line": 17,
            "column": 16
          },
          "end": {
            "line": 17,
            "column": 27
          }
        },
        "loc": {
          "start": {
            "line": 17,
            "column": 69
          },
          "end": {
            "line": 49,
            "column": 1
          }
        },
        "line": 17
      },
      "1": {
        "name": "handleNavigateToProductDetail",
        "decl": {
          "start": {
            "line": 20,
            "column": 11
          },
          "end": {
            "line": 20,
            "column": 40
          }
        },
        "loc": {
          "start": {
            "line": 20,
            "column": 43
          },
          "end": {
            "line": 22,
            "column": 3
          }
        },
        "line": 20
      }
    },
    "branchMap": {},
    "s": {
      "0": 48,
      "1": 2,
      "2": 48
    },
    "f": {
      "0": 48,
      "1": 2
    },
    "b": {},
    "_coverageSchema": "1a1c01bbd47fc00a2c39e90264f33305004495a9",
    "hash": "0b7f2f72a39af585bca884da64440a72134d2539"
  },
  "/home/luiz/my-projects/rocketseat-frontend-challenge/src/components/Pagination/styles.ts": {
    "path": "/home/luiz/my-projects/rocketseat-frontend-challenge/src/components/Pagination/styles.ts",
    "statementMap": {
      "0": {
        "start": {
          "line": 7,
          "column": 28
        },
        "end": {
          "line": 23,
          "column": 1
        }
      },
      "1": {
        "start": {
          "line": 14,
          "column": 31
        },
        "end": {
          "line": 14,
          "column": 48
        }
      },
      "2": {
        "start": {
          "line": 16,
          "column": 34
        },
        "end": {
          "line": 16,
          "column": 51
        }
      },
      "3": {
        "start": {
          "line": 25,
          "column": 26
        },
        "end": {
          "line": 57,
          "column": 1
        }
      },
      "4": {
        "start": {
          "line": 34,
          "column": 37
        },
        "end": {
          "line": 34,
          "column": 57
        }
      },
      "5": {
        "start": {
          "line": 35,
          "column": 26
        },
        "end": {
          "line": 35,
          "column": 43
        }
      },
      "6": {
        "start": {
          "line": 36,
          "column": 34
        },
        "end": {
          "line": 36,
          "column": 50
        }
      },
      "7": {
        "start": {
          "line": 41,
          "column": 4
        },
        "end": {
          "line": 47,
          "column": 5
        }
      },
      "8": {
        "start": {
          "line": 43,
          "column": 41
        },
        "end": {
          "line": 43,
          "column": 63
        }
      },
      "9": {
        "start": {
          "line": 44,
          "column": 41
        },
        "end": {
          "line": 44,
          "column": 61
        }
      },
      "10": {
        "start": {
          "line": 45,
          "column": 30
        },
        "end": {
          "line": 45,
          "column": 52
        }
      },
      "11": {
        "start": {
          "line": 55,
          "column": 40
        },
        "end": {
          "line": 55,
[...]
        "name": "(anonymous_17)",
        "decl": {
          "start": {
            "line": 97,
            "column": 35
          },
          "end": {
            "line": 97,
            "column": 36
          }
        },
        "loc": {
          "start": {
            "line": 97,
            "column": 50
          },
          "end": {
            "line": 97,
            "column": 66
          }
        },
        "line": 97
      },
      "18": {
        "name": "(anonymous_18)",
        "decl": {
          "start": {
            "line": 112,
            "column": 17
          },
          "end": {
            "line": 112,
            "column": 18
          }
        },
        "loc": {
          "start": {
            "line": 112,
            "column": 32
          },
          "end": {
            "line": 112,
            "column": 53
          }
        },
        "line": 112
      },
      "19": {
        "name": "(anonymous_19)",
        "decl": {
          "start": {
            "line": 113,
            "column": 13
          },
          "end": {
            "line": 113,
            "column": 14
          }
        },
        "loc": {
          "start": {
            "line": 113,
            "column": 28
          },
          "end": {
            "line": 113,
            "column": 46
          }
        },
        "line": 113
      },
      "20": {
        "name": "(anonymous_20)",
        "decl": {
          "start": {
            "line": 115,
            "column": 18
          },
          "end": {
            "line": 115,
            "column": 19
          }
        },
        "loc": {
          "start": {
            "line": 115,
            "column": 33
          },
          "end": {
            "line": 115,
            "column": 50
          }
        },
        "line": 115
      },
      "21": {
        "name": "(anonymous_21)",
        "decl": {
          "start": {
            "line": 116,
            "column": 21
          },
          "end": {
            "line": 116,
            "column": 22
          }
        },
        "loc": {
          "start": {
            "line": 116,
            "column": 36
          },
          "end": {
            "line": 116,
            "column": 53
          }
        },
        "line": 116
      },
      "22": {
        "name": "(anonymous_22)",
        "decl": {
          "start": {
            "line": 119,
            "column": 11
          },
          "end": {
            "line": 119,
            "column": 12
          }
        },
        "loc": {
          "start": {
            "line": 119,
            "column": 26
          },
          "end": {
            "line": 119,
            "column": 41
          }
        },
        "line": 119
      },
      "23": {
        "name": "(anonymous_23)",
        "decl": {
          "start": {
            "line": 134,
            "column": 17
          },
          "end": {
            "line": 134,
            "column": 18
          }
        },
        "loc": {
          "start": {
            "line": 134,
            "column": 32
          },
          "end": {
            "line": 134,
            "column": 53
          }
        },
        "line": 134
      },
      "24": {
        "name": "(anonymous_24)",
        "decl": {
          "start": {
            "line": 135,
            "column": 13
          },
          "end": {
            "line": 135,
            "column": 14
          }
        },
        "loc": {
          "start": {
            "line": 135,
            "column": 28
          },
          "end": {
            "line": 135,
            "column": 46
          }
        },
        "line": 135
      },
      "25": {
        "name": "(anonymous_25)",
        "decl": {
          "start": {
            "line": 143,
            "column": 27
          },
          "end": {
            "line": 143,
            "column": 28
          }
        },
        "loc": {
          "start": {
            "line": 143,
            "column": 42
          },
          "end": {
            "line": 143,
            "column": 67
          }
        },
        "line": 143
      },
      "26": {
        "name": "(anonymous_26)",
        "decl": {
          "start": {
            "line": 144,
            "column": 24
          },
          "end": {
            "line": 144,
            "column": 25
          }
        },
        "loc": {
          "start": {
            "line": 144,
            "column": 39
          },
          "end": {
            "line": 144,
            "column": 55
          }
        },
        "line": 144
      },
      "27": {
        "name": "(anonymous_27)",
        "decl": {
          "start": {
            "line": 154,
            "column": 17
          },
          "end": {
            "line": 154,
            "column": 18
          }
        },
        "loc": {
          "start": {
            "line": 154,
            "column": 32
          },
          "end": {
            "line": 154,
            "column": 53
          }
        },
        "line": 154
      },
      "28": {
        "name": "(anonymous_28)",
        "decl": {
          "start": {
            "line": 167,
            "column": 22
          },
          "end": {
            "line": 167,
            "column": 23
          }
        },
        "loc": {
          "start": {
            "line": 167,
            "column": 37
          },
          "end": {
            "line": 167,
            "column": 57
          }
        },
        "line": 167
      },
      "29": {
        "name": "(anonymous_29)",
        "decl": {
          "start": {
            "line": 170,
            "column": 11
          },
          "end": {
            "line": 170,
            "column": 12
          }
        },
        "loc": {
          "start": {
            "line": 170,
            "column": 26
          },
          "end": {
            "line": 170,
            "column": 41
          }
        },
        "line": 170
      },
      "30": {
        "name": "(anonymous_30)",
        "decl": {
          "start": {
            "line": 181,
            "column": 17
          },
          "end": {
            "line": 181,
            "column": 18
          }
        },
        "loc": {
          "start": {
            "line": 181,
            "column": 32
          },
          "end": {
            "line": 181,
            "column": 53
          }
        },
        "line": 181
      },
      "31": {
        "name": "(anonymous_31)",
        "decl": {
          "start": {
            "line": 183,
            "column": 13
          },
          "end": {
            "line": 183,
            "column": 14
          }
        },
        "loc": {
          "start": {
            "line": 183,
            "column": 28
          },
          "end": {
            "line": 183,
            "column": 46
          }
        },
        "line": 183
      },
      "32": {
        "name": "(anonymous_32)",
        "decl": {
          "start": {
            "line": 191,
            "column": 31
          },
          "end": {
            "line": 191,
            "column": 32
          }
        },
        "loc": {
          "start": {
            "line": 191,
            "column": 46
          },
          "end": {
            "line": 191,
            "column": 66
          }
        },
        "line": 191
      },
      "33": {
        "name": "(anonymous_33)",
        "decl": {
          "start": {
            "line": 193,
            "column": 22
          },
          "end": {
            "line": 193,
            "column": 23
          }
        },
        "loc": {
          "start": {
            "line": 193,
            "column": 37
          },
          "end": {
            "line": 193,
            "column": 54
          }
        },
        "line": 193
      },
      "34": {
        "name": "(anonymous_34)",
        "decl": {
          "start": {
            "line": 207,
            "column": 13
          },
          "end": {
            "line": 207,
            "column": 14
          }
        },
        "loc": {
          "start": {
            "line": 207,
            "column": 28
          },
          "end": {
            "line": 207,
            "column": 48
          }
        },
        "line": 207
      },
      "35": {
        "name": "(anonymous_35)",
        "decl": {
          "start": {
            "line": 210,
            "column": 17
          },
          "end": {
            "line": 210,
            "column": 18
          }
        },
        "loc": {
          "start": {
            "line": 210,
            "column": 32
          },
          "end": {
            "line": 210,
            "column": 53
          }
        },
        "line": 210
      },
      "36": {
        "name": "(anonymous_36)",
        "decl": {
          "start": {
            "line": 212,
            "column": 24
          },
          "end": {
            "line": 212,
            "column": 25
          }
        },
        "loc": {
          "start": {
            "line": 212,
            "column": 39
          },
          "end": {
            "line": 212,
            "column": 57
          }
        },
        "line": 212
      },
      "37": {
        "name": "(anonymous_37)",
        "decl": {
          "start": {
            "line": 213,
            "column": 21
          },
          "end": {
            "line": 213,
            "column": 22
          }
        },
        "loc": {
          "start": {
            "line": 213,
            "column": 36
          },
          "end": {
            "line": 213,
            "column": 52
          }
        },
        "line": 213
      },
      "38": {
        "name": "(anonymous_38)",
        "decl": {
          "start": {
            "line": 223,
            "column": 27
          },
          "end": {
            "line": 223,
            "column": 28
          }
        },
        "loc": {
          "start": {
            "line": 223,
            "column": 42
          },
          "end": {
            "line": 223,
            "column": 60
          }
        },
        "line": 223
      },
      "39": {
        "name": "(anonymous_39)",
        "decl": {
          "start": {
            "line": 224,
            "column": 24
          },
          "end": {
            "line": 224,
            "column": 25
          }
        },
        "loc": {
          "start": {
            "line": 224,
            "column": 39
          },
          "end": {
            "line": 224,
            "column": 55
          }
        },
        "line": 224
      },
      "40": {
        "name": "(anonymous_40)",
        "decl": {
          "start": {
            "line": 232,
            "column": 12
          },
          "end": {
            "line": 232,
            "column": 13
          }
        },
        "loc": {
          "start": {
            "line": 232,
            "column": 27
          },
          "end": {
            "line": 232,
            "column": 44
          }
        },
        "line": 232
      },
      "41": {
        "name": "(anonymous_41)",
        "decl": {
          "start": {
            "line": 234,
            "column": 15
          },
          "end": {
            "line": 234,
            "column": 16
          }
        },
        "loc": {
          "start": {
            "line": 234,
            "column": 30
          },
          "end": {
            "line": 234,
            "column": 51
          }
        },
        "line": 234
      },
      "42": {
        "name": "(anonymous_42)",
        "decl": {
          "start": {
            "line": 235,
            "column": 11
          },
          "end": {
            "line": 235,
            "column": 12
          }
        },
        "loc": {
          "start": {
            "line": 235,
            "column": 26
          },
          "end": {
            "line": 235,
            "column": 44
          }
        },
        "line": 235
      },
      "43": {
        "name": "(anonymous_43)",
        "decl": {
          "start": {
            "line": 250,
            "column": 9
          },
          "end": {
            "line": 250,
            "column": 10
          }
        },
        "loc": {
          "start": {
            "line": 250,
            "column": 24
          },
          "end": {
            "line": 250,
            "column": 41
          }
        },
        "line": 250
      },
      "44": {
        "name": "(anonymous_44)",
        "decl": {
          "start": {
            "line": 253,
            "column": 19
          },
          "end": {
            "line": 253,
            "column": 20
          }
        },
        "loc": {
          "start": {
            "line": 253,
            "column": 34
          },
          "end": {
            "line": 253,
            "column": 50
          }
        },
        "line": 253
      },
      "45": {
        "name": "(anonymous_45)",
        "decl": {
          "start": {
            "line": 261,
            "column": 17
          },
          "end": {
            "line": 261,
            "column": 18
          }
        },
        "loc": {
          "start": {
            "line": 261,
            "column": 32
          },
          "end": {
            "line": 261,
            "column": 53
          }
        },
        "line": 261
      },
      "46": {
        "name": "(anonymous_46)",
        "decl": {
          "start": {
            "line": 264,
            "column": 13
          },
          "end": {
            "line": 264,
            "column": 14
          }
        },
        "loc": {
          "start": {
            "line": 264,
            "column": 28
          },
          "end": {
            "line": 264,
            "column": 45
          }
        },
        "line": 264
      },
      "47": {
        "name": "(anonymous_47)",
        "decl": {
          "start": {
            "line": 267,
            "column": 27
          },
          "end": {
            "line": 267,
            "column": 28
          }
        },
        "loc": {
          "start": {
            "line": 267,
            "column": 42
          },
          "end": {
            "line": 267,
            "column": 67
          }
        },
        "line": 267
      },
      "48": {
        "name": "(anonymous_48)",
        "decl": {
          "start": {
            "line": 268,
            "column": 24
          },
          "end": {
            "line": 268,
            "column": 25
          }
        },
        "loc": {
          "start": {
            "line": 268,
            "column": 39
          },
          "end": {
            "line": 268,
            "column": 55
          }
        },
        "line": 268
      }
    },
    "branchMap": {},
    "s": {
      "0": 8,
      "1": 8,
      "2": 42,
      "3": 42,
      "4": 8,
      "5": 8,
      "6": 42,
      "7": 42,
      "8": 42,
      "9": 42,
      "10": 42,
      "11": 42,
      "12": 42,
      "13": 42,
      "14": 8,
      "15": 42,
      "16": 8,
      "17": 26,
      "18": 26,
      "19": 26,
      "20": 26,
      "21": 26,
      "22": 26,
      "23": 26,
      "24": 8,
      "25": 26,
      "26": 26,
      "27": 26,
      "28": 26,
      "29": 26,
      "30": 8,
      "31": 26,
      "32": 26,
      "33": 26,
      "34": 26,
      "35": 8,
      "36": 26,
      "37": 8,
      "38": 42,
      "39": 42,
      "40": 8,
      "41": 42,
      "42": 42,
      "43": 42,
      "44": 42,
      "45": 42,
      "46": 42,
      "47": 42,
      "48": 42,
      "49": 42,
      "50": 42,
      "51": 8,
      "52": 126,
      "53": 126,
      "54": 126,
      "55": 8,
      "56": 42,
      "57": 42,
      "58": 42,
      "59": 42,
      "60": 42,
      "61": 42
    },
    "f": {
      "0": 42,
      "1": 42,
      "2": 42,
      "3": 42,
      "4": 42,
      "5": 42,
      "6": 42,
      "7": 42,
      "8": 42,
      "9": 42,
      "10": 42,
      "11": 26,
      "12": 26,
      "13": 26,
      "14": 26,
      "15": 26,
      "16": 26,
      "17": 26,
      "18": 26,
      "19": 26,
      "20": 26,
      "21": 26,
      "22": 26,
      "23": 26,
      "24": 26,
      "25": 26,
      "26": 26,
      "27": 26,
      "28": 42,
      "29": 42,
      "30": 42,
      "31": 42,
      "32": 42,
      "33": 42,
      "34": 42,
      "35": 42,
      "36": 42,
      "37": 42,
      "38": 42,
      "39": 42,
      "40": 126,
      "41": 126,
      "42": 126,
      "43": 42,
      "44": 42,
      "45": 42,
      "46": 42,
      "47": 42,
      "48": 42
    },
    "b": {},
    "_coverageSchema": "1a1c01bbd47fc00a2c39e90264f33305004495a9",
    "hash": "7456fdd9a9edd98db30ee5385232af5978a30f9f"
  },
  "/home/luiz/my-projects/rocketseat-frontend-challenge/src/pages/cart/index.tsx": {
    "path": "/home/luiz/my-projects/rocketseat-frontend-challenge/src/pages/cart/index.tsx",
    "statementMap": {
      "0": {
        "start": {
          "line": 42,
          "column": 6
        },
        "end": {
          "line": 42,
          "column": 15
        }
      },
      "1": {
        "start": {
          "line": 44,
          "column": 2
        },
        "end": {
          "line": 141,
          "column": 4
        }
      },
      "2": {
        "start": {
          "line": 63,
          "column": 14
        },
        "end": {
          "line": 100,
          "column": 25
        }
      },
      "3": {
        "start": {
          "line": 76,
          "column": 37
        },
        "end": {
          "line": 76,
          "column": 68
        }
      },
      "4": {
        "start": {
          "line": 89,
          "column": 24
        },
        "end": {
          "line": 89,
          "column": 70
        }
      }
    },
    "fnMap": {
      "0": {
        "name": "Cart",
        "decl": {
          "start": {
            "line": 34,
            "column": 24
          },
          "end": {
            "line": 34,
            "column": 28
          }
        },
        "loc": {
          "start": {
            "line": 34,
            "column": 31
          },
          "end": {
            "line": 142,
            "column": 1
          }
        },
        "line": 34
      },
      "1": {
        "name": "(anonymous_1)",
        "decl": {
          "start": {
            "line": 62,
            "column": 35
          },
          "end": {
            "line": 62,
            "column": 36
          }
        },
        "loc": {
          "start": {
            "line": 63,
            "column": 14
          },
          "end": {
            "line": 100,
            "column": 25
          }
        },
        "line": 63
      },
      "2": {
        "name": "(anonymous_2)",
        "decl": {
          "start": {
            "line": 76,
            "column": 31
          },
          "end": {
            "line": 76,
            "column": 32
          }
        },
        "loc": {
          "start": {
            "line": 76,
            "column": 37
          },
          "end": {
            "line": 76,
            "column": 68
          }
        },
        "line": 76
      },
      "3": {
        "name": "(anonymous_3)",
        "decl": {
          "start": {
            "line": 88,
            "column": 37
          },
          "end": {
            "line": 88,
            "column": 38
          }
        },
        "loc": {
          "start": {
            "line": 89,
            "column": 24
          },
          "end": {
            "line": 89,
            "column": 70
          }
        },
        "line": 89
      }
    },
    "branchMap": {},
    "s": {
      "0": 42,
      "1": 42,
      "2": 26,
      "3": 1,
      "4": 1
    },
    "f": {
      "0": 42,
      "1": 26,
      "2": 1,
      "3": 1
    },
    "b": {},
    "_coverageSchema": "1a1c01bbd47fc00a2c39e90264f33305004495a9",
    "hash": "0da2384da94d9d8adc1309c8219febebd0799337"
  }
}